<?xml version="1.0" encoding="UTF-8"?>
<testsuite name="utils.MenuYOpcionesKtTest" tests="1" skipped="0" failures="0" errors="0" timestamp="2023-01-27T09:16:07" hostname="SERGATIDORAPC" time="0.018">
  <properties/>
  <testcase name="validarOpcionTest()" classname="utils.MenuYOpcionesKtTest" time="0.018"/>
  <system-out><![CDATA[]]></system-out>
  <system-err><![CDATA[]]></system-err>
</testsuite>
